<?xml version="1.0" encoding="UTF-8"?>
<testng-results ignored="0" total="3" passed="3" failed="0" skipped="0">
  <reporter-output>
  </reporter-output>
  <suite started-at="2022-09-09T13:48:59Z" name="Default suite" finished-at="2022-09-09T13:49:00Z" duration-ms="78">
    <groups>
    </groups>
    <test started-at="2022-09-09T13:48:59Z" name="Default test" finished-at="2022-09-09T13:49:00Z" duration-ms="78">
      <class name="org.test.TestPro">
        <test-method signature="tc1(java.lang.String, java.lang.String)[pri:0, instance:org.test.TestPro@d737b89]" started-at="2022-09-09T13:48:59Z" name="tc1" data-provider="SampleData" finished-at="2022-09-09T13:49:00Z" duration-ms="16" status="PASS">
          <params>
            <param index="0">
              <value>
                <![CDATA[Sample1]]>
              </value>
            </param>
            <param index="1">
              <value>
                <![CDATA[new Pro1]]>
              </value>
            </param>
          </params>
          <reporter-output>
          </reporter-output>
        </test-method> <!-- tc1 -->
        <test-method signature="tc1(java.lang.String, java.lang.String)[pri:0, instance:org.test.TestPro@d737b89]" started-at="2022-09-09T13:49:00Z" name="tc1" data-provider="SampleData" finished-at="2022-09-09T13:49:00Z" duration-ms="3" status="PASS">
          <params>
            <param index="0">
              <value>
                <![CDATA[Sample2]]>
              </value>
            </param>
            <param index="1">
              <value>
                <![CDATA[new Pro2]]>
              </value>
            </param>
          </params>
          <reporter-output>
          </reporter-output>
        </test-method> <!-- tc1 -->
        <test-method signature="tc1(java.lang.String, java.lang.String)[pri:0, instance:org.test.TestPro@d737b89]" started-at="2022-09-09T13:49:00Z" name="tc1" data-provider="SampleData" finished-at="2022-09-09T13:49:00Z" duration-ms="1" status="PASS">
          <params>
            <param index="0">
              <value>
                <![CDATA[Sample3]]>
              </value>
            </param>
            <param index="1">
              <value>
                <![CDATA[new Pro3]]>
              </value>
            </param>
          </params>
          <reporter-output>
          </reporter-output>
        </test-method> <!-- tc1 -->
      </class> <!-- org.test.TestPro -->
    </test> <!-- Default test -->
  </suite> <!-- Default suite -->
</testng-results>
